2022-03-16 19:07:14 info: GET /hotVideos
2022-03-16 19:07:14 info: [ACCESS] getMostPopular
2022-03-16 19:07:14 info: [SUCCESS] getMostPopular
2022-03-16 19:14:06 info: GET /hotVideos
2022-03-16 19:14:06 info: [ACCESS] getMostPopular
2022-03-16 19:14:07 info: [SUCCESS] getMostPopular
2022-03-16 19:14:56 info: GET /hotVideos
2022-03-16 19:14:56 info: [ACCESS] getMostPopular
2022-03-16 19:14:56 info: [SUCCESS] getMostPopular
2022-03-16 19:19:23 info: GET /hotVideos
2022-03-16 19:19:23 info: [ACCESS] getMostPopular
2022-03-16 19:19:24 info: [SUCCESS] getMostPopular
2022-03-16 19:21:08 info: GET /hotVideos
2022-03-16 19:21:08 info: [ACCESS] getMostPopular
2022-03-16 19:21:09 info: [SUCCESS] getMostPopular
2022-03-16 19:22:11 info: GET /hotVideos
2022-03-16 19:22:11 info: [ACCESS] getMostPopular
2022-03-16 19:22:12 info: [SUCCESS] getMostPopular
2022-03-16 19:25:21 info: GET /hotVideos
2022-03-16 19:25:21 info: [ACCESS] getMostPopular
2022-03-16 19:25:21 info: [SUCCESS] getMostPopular
2022-03-16 19:34:03 info: GET /hotVideos
2022-03-16 19:34:03 info: [ACCESS] getMostPopular
2022-03-16 19:34:03 info: [SUCCESS] getMostPopular
2022-03-16 19:39:01 info: GET /hotVideos
2022-03-16 19:39:01 info: [ACCESS] getMostPopular
2022-03-16 19:39:02 info: [SUCCESS] getMostPopular
2022-03-16 19:42:03 info: GET /hotVideos
2022-03-16 19:42:03 info: [ACCESS] getMostPopular
2022-03-16 19:42:03 info: [SUCCESS] getMostPopular
2022-03-16 19:42:33 info: GET /hotVideos
2022-03-16 19:42:33 info: [ACCESS] getMostPopular
2022-03-16 19:42:33 info: [SUCCESS] getMostPopular
2022-03-16 19:56:47 info: GET /hotVideos
2022-03-16 19:56:47 info: [ACCESS] getMostPopular
2022-03-16 19:56:48 info: [SUCCESS] getMostPopular
2022-03-16 20:05:56 info: GET /hotVideos
2022-03-16 20:05:56 info: [ACCESS] getMostPopular
2022-03-16 20:05:56 info: [SUCCESS] getMostPopular
2022-03-16 20:08:41 info: GET /hotVideos
2022-03-16 20:08:41 info: [ACCESS] getMostPopular
2022-03-16 20:08:41 info: [SUCCESS] getMostPopular
2022-03-16 20:13:17 info: GET /hotVideos
2022-03-16 20:13:17 info: [ACCESS] getMostPopular
2022-03-16 20:13:18 info: [SUCCESS] getMostPopular
2022-03-16 20:26:49 info: GET /hotVideos
2022-03-16 20:26:49 info: [ACCESS] getMostPopular
2022-03-16 20:26:50 info: [SUCCESS] getMostPopular
2022-03-16 20:28:04 info: GET /hotVideos
2022-03-16 20:28:04 info: [ACCESS] getMostPopular
2022-03-16 20:28:04 info: [SUCCESS] getMostPopular
2022-03-16 20:29:02 info: GET /hotVideos
2022-03-16 20:29:02 info: [ACCESS] getMostPopular
2022-03-16 20:29:02 info: [SUCCESS] getMostPopular
2022-03-16 20:29:02 info: [ACCESS] jsonToVideo
2022-03-16 20:29:02 info: [SUCCESS] jsonToVideo
